<?xml version="1.0" encoding="UTF-8"?>
<!-- Generated by org.testng.reporters.JUnitXMLReporter -->
<testsuite hostname="kalairani" ignored="0" name="Default test" tests="4" failures="0" timestamp="11 Apr 2022 12:40:31 GMT" time="0.062" errors="0">
  <testcase name="tc4" time="0.016" classname="org.testng.Include"/>
  <testcase name="tc3" time="0.0" classname="org.testng.Include"/>
  <testcase name="tc1" time="0.015" classname="org.testng.Include"/>
  <testcase name="tc2" time="0.0" classname="org.testng.Include"/>
</testsuite> <!-- Default test -->
