<?xml version="1.0" encoding="UTF-8"?>
<!-- Generated by org.testng.reporters.JUnitXMLReporter -->
<testsuite hostname="kalairani" ignored="1" name="Test" tests="3" failures="0" timestamp="11 Apr 2022 14:51:04 GMT" time="0.06" errors="0">
  <testcase name="tc4" time="0.012" classname="org.testng.Include"/>
  <testcase name="tc3" time="0.001" classname="org.testng.Include"/>
  <testcase name="tc1" time="0.001" classname="org.testng.Include"/>
  <testcase name="tc2" time="0.0" classname="org.testng.Include">
    <ignored/>
  </testcase> <!-- tc2 -->
</testsuite> <!-- Test -->
